0 verbose cli C:\Program Files\nodejs\node.exe D:\npm-global\node_modules\npm\bin\npm-cli.js
1 info using npm@11.7.0
2 info using node@v22.13.1
3 silly config load:file:D:\npm-global\node_modules\npm\npmrc
4 silly config load:file:C:\Users\dfuser\Desktop\pavilion-main\.npmrc
5 silly config load:file:C:\Users\dfuser\.npmrc
6 silly config load:file:C:\Users\dfuser\AppData\Roaming\npm\etc\npmrc
7 verbose title npm run lint
8 verbose argv "run" "lint"
9 verbose logfile logs-max:10 dir:C:\Users\dfuser\Desktop\pavilion-main\%AppData%\npm-cache\_logs\2026-01-21T07_10_41_562Z-
10 verbose logfile C:\Users\dfuser\Desktop\pavilion-main\%AppData%\npm-cache\_logs\2026-01-21T07_10_41_562Z-debug-0.log
11 silly logfile start cleaning logs, removing 1 files
12 silly logfile done cleaning log files
13 verbose stack Error: Missing script: "lint"
13 verbose stack
13 verbose stack Did you mean this?
13 verbose stack   npm link # Symlink a package folder
13 verbose stack
13 verbose stack To see a list of scripts, run:
13 verbose stack   npm run
13 verbose stack     at #run (D:\npm-global\node_modules\npm\lib\commands\run.js:115:13)
13 verbose stack     at async RunScript.exec (D:\npm-global\node_modules\npm\lib\commands\run.js:44:7)
13 verbose stack     at async Npm.exec (D:\npm-global\node_modules\npm\lib\npm.js:208:9)
13 verbose stack     at async module.exports (D:\npm-global\node_modules\npm\lib\cli\entry.js:67:5)
14 error Missing script: "lint"
14 error
14 error Did you mean this?
14 error   npm link # Symlink a package folder
14 error
14 error To see a list of scripts, run:
14 error   npm run
15 verbose cwd C:\Users\dfuser\Desktop\pavilion-main
16 verbose os Windows_NT 10.0.26100
17 verbose node v22.13.1
18 verbose npm  v11.7.0
19 verbose exit 1
20 verbose code 1
21 error A complete log of this run can be found in: C:\Users\dfuser\Desktop\pavilion-main\%AppData%\npm-cache\_logs\2026-01-21T07_10_41_562Z-debug-0.log
