0 verbose cli C:\Program Files\nodejs\node.exe D:\npm-global\node_modules\npm\bin\npm-cli.js
1 info using npm@11.8.0
2 info using node@v22.13.1
3 silly config load:file:D:\npm-global\node_modules\npm\npmrc
4 silly config load:file:C:\Users\dfuser\Desktop\pavilion-main\.npmrc
5 silly config load:file:C:\Users\dfuser\.npmrc
6 silly config load:file:C:\Users\dfuser\AppData\Roaming\npm\etc\npmrc
7 verbose title npm install nodemailer
8 verbose argv "install" "nodemailer"
9 verbose logfile logs-max:10 dir:C:\Users\dfuser\Desktop\pavilion-main\%AppData%\npm-cache\_logs\2026-01-30T06_54_11_034Z-
10 verbose logfile C:\Users\dfuser\Desktop\pavilion-main\%AppData%\npm-cache\_logs\2026-01-30T06_54_11_034Z-debug-0.log
11 silly logfile start cleaning logs, removing 1 files
12 silly packumentCache heap:2197815296 maxSize:549453824 maxEntrySize:274726912
13 silly logfile done cleaning log files
14 silly idealTree buildDeps
15 silly fetch manifest nodemailer@*
16 silly packumentCache full:https://registry.npmjs.org/nodemailer cache-miss
17 http fetch GET 200 https://registry.npmjs.org/nodemailer 735ms (cache miss)
18 silly packumentCache full:https://registry.npmjs.org/nodemailer set size:undefined disposed:false
19 silly placeDep ROOT nodemailer@7.0.13 OK for: nextjs-mongo-template@0.1.0 want: *
20 silly fetch manifest @types/react@^17.0.0 || ^18.0.0 || ^19.0.0
21 silly packumentCache full:https://registry.npmjs.org/@types%2freact cache-miss
22 http fetch GET 200 https://registry.npmjs.org/@types%2freact 183ms (cache updated)
23 silly packumentCache full:https://registry.npmjs.org/@types%2freact set size:undefined disposed:false
24 silly fetch manifest @types/react-dom@^17.0.0 || ^18.0.0 || ^19.0.0
25 silly packumentCache full:https://registry.npmjs.org/@types%2freact-dom cache-miss
26 http fetch GET 200 https://registry.npmjs.org/@types%2freact-dom 67ms (cache revalidated)
27 silly packumentCache full:https://registry.npmjs.org/@types%2freact-dom set size:429026 disposed:false
28 silly placeDep ROOT @types/react@19.2.10 OK for: @tiptap/react@3.15.3 want: ^17.0.0 || ^18.0.0 || ^19.0.0
29 silly placeDep ROOT @types/react-dom@19.2.3 OK for: @tiptap/react@3.15.3 want: ^17.0.0 || ^18.0.0 || ^19.0.0
30 silly reify moves {}
31 silly audit bulk request {
31 silly audit   '@alloc/quick-lru': [ '5.2.0' ],
31 silly audit   '@babel/runtime': [ '7.28.4' ],
31 silly audit   '@date-fns/tz': [ '1.4.1' ],
31 silly audit   '@emnapi/runtime': [ '1.8.1' ],
31 silly audit   '@floating-ui/core': [ '1.7.3' ],
31 silly audit   '@floating-ui/dom': [ '1.7.4' ],
31 silly audit   '@floating-ui/react-dom': [ '2.1.6' ],
31 silly audit   '@floating-ui/utils': [ '0.2.10' ],
31 silly audit   '@hookform/resolvers': [ '5.2.2' ],
31 silly audit   '@img/colour': [ '1.0.0' ],
31 silly audit   '@img/sharp-darwin-arm64': [ '0.34.5' ],
31 silly audit   '@img/sharp-darwin-x64': [ '0.34.5' ],
31 silly audit   '@img/sharp-libvips-darwin-arm64': [ '1.2.4' ],
31 silly audit   '@img/sharp-libvips-darwin-x64': [ '1.2.4' ],
31 silly audit   '@img/sharp-libvips-linux-arm': [ '1.2.4' ],
31 silly audit   '@img/sharp-libvips-linux-arm64': [ '1.2.4' ],
31 silly audit   '@img/sharp-libvips-linux-ppc64': [ '1.2.4' ],
31 silly audit   '@img/sharp-libvips-linux-riscv64': [ '1.2.4' ],
31 silly audit   '@img/sharp-libvips-linux-s390x': [ '1.2.4' ],
31 silly audit   '@img/sharp-libvips-linux-x64': [ '1.2.4' ],
31 silly audit   '@img/sharp-libvips-linuxmusl-arm64': [ '1.2.4' ],
31 silly audit   '@img/sharp-libvips-linuxmusl-x64': [ '1.2.4' ],
31 silly audit   '@img/sharp-linux-arm': [ '0.34.5' ],
31 silly audit   '@img/sharp-linux-arm64': [ '0.34.5' ],
31 silly audit   '@img/sharp-linux-ppc64': [ '0.34.5' ],
31 silly audit   '@img/sharp-linux-riscv64': [ '0.34.5' ],
31 silly audit   '@img/sharp-linux-s390x': [ '0.34.5' ],
31 silly audit   '@img/sharp-linux-x64': [ '0.34.5' ],
31 silly audit   '@img/sharp-linuxmusl-arm64': [ '0.34.5' ],
31 silly audit   '@img/sharp-linuxmusl-x64': [ '0.34.5' ],
31 silly audit   '@img/sharp-wasm32': [ '0.34.5' ],
31 silly audit   '@img/sharp-win32-arm64': [ '0.34.5' ],
31 silly audit   '@img/sharp-win32-ia32': [ '0.34.5' ],
31 silly audit   '@img/sharp-win32-x64': [ '0.34.5' ],
31 silly audit   '@jridgewell/gen-mapping': [ '0.3.13' ],
31 silly audit   '@jridgewell/resolve-uri': [ '3.1.2' ],
31 silly audit   '@jridgewell/sourcemap-codec': [ '1.5.5' ],
31 silly audit   '@jridgewell/trace-mapping': [ '0.3.31' ],
31 silly audit   '@mongodb-js/saslprep': [ '1.4.4' ],
31 silly audit   '@next/env': [ '14.2.3' ],
31 silly audit   '@next/swc-darwin-arm64': [ '14.2.3' ],
31 silly audit   '@next/swc-darwin-x64': [ '14.2.3' ],
31 silly audit   '@next/swc-linux-arm64-gnu': [ '14.2.3' ],
31 silly audit   '@next/swc-linux-arm64-musl': [ '14.2.3' ],
31 silly audit   '@next/swc-linux-x64-gnu': [ '14.2.3' ],
31 silly audit   '@next/swc-linux-x64-musl': [ '14.2.3' ],
31 silly audit   '@next/swc-win32-arm64-msvc': [ '14.2.3' ],
31 silly audit   '@next/swc-win32-ia32-msvc': [ '14.2.3' ],
31 silly audit   '@next/swc-win32-x64-msvc': [ '14.2.3' ],
31 silly audit   '@noble/hashes': [ '1.8.0' ],
31 silly audit   '@nodelib/fs.scandir': [ '2.1.5' ],
31 silly audit   '@nodelib/fs.stat': [ '2.0.5' ],
31 silly audit   '@nodelib/fs.walk': [ '1.2.8' ],
31 silly audit   '@radix-ui/number': [ '1.1.1' ],
31 silly audit   '@radix-ui/primitive': [ '1.1.3' ],
31 silly audit   '@radix-ui/react-accordion': [ '1.2.12' ],
31 silly audit   '@radix-ui/react-alert-dialog': [ '1.1.15' ],
31 silly audit   '@radix-ui/react-slot': [ '1.2.3', '1.2.4' ],
31 silly audit   '@radix-ui/react-arrow': [ '1.1.7' ],
31 silly audit   '@radix-ui/react-aspect-ratio': [ '1.1.8' ],
31 silly audit   '@radix-ui/react-primitive': [ '2.1.4', '2.1.3' ],
31 silly audit   '@radix-ui/react-avatar': [ '1.1.11' ],
31 silly audit   '@radix-ui/react-context': [ '1.1.3', '1.1.2' ],
31 silly audit   '@radix-ui/react-checkbox': [ '1.3.3' ],
31 silly audit   '@radix-ui/react-collapsible': [ '1.1.12' ],
31 silly audit   '@radix-ui/react-collection': [ '1.1.7' ],
31 silly audit   '@radix-ui/react-compose-refs': [ '1.1.2' ],
31 silly audit   '@radix-ui/react-context-menu': [ '2.2.16' ],
31 silly audit   '@radix-ui/react-dialog': [ '1.1.15' ],
31 silly audit   '@radix-ui/react-direction': [ '1.1.1' ],
31 silly audit   '@radix-ui/react-dismissable-layer': [ '1.1.11' ],
31 silly audit   '@radix-ui/react-dropdown-menu': [ '2.1.16' ],
31 silly audit   '@radix-ui/react-focus-guards': [ '1.1.3' ],
31 silly audit   '@radix-ui/react-focus-scope': [ '1.1.7' ],
31 silly audit   '@radix-ui/react-hover-card': [ '1.1.15' ],
31 silly audit   '@radix-ui/react-id': [ '1.1.1' ],
31 silly audit   '@radix-ui/react-label': [ '2.1.8' ],
31 silly audit   '@radix-ui/react-menu': [ '2.1.16' ],
31 silly audit   '@radix-ui/react-menubar': [ '1.1.16' ],
31 silly audit   '@radix-ui/react-navigation-menu': [ '1.2.14' ],
31 silly audit   '@radix-ui/react-popover': [ '1.1.15' ],
31 silly audit   '@radix-ui/react-popper': [ '1.2.8' ],
31 silly audit   '@radix-ui/react-portal': [ '1.1.9' ],
31 silly audit   '@radix-ui/react-presence': [ '1.1.5' ],
31 silly audit   '@radix-ui/react-progress': [ '1.1.8' ],
31 silly audit   '@radix-ui/react-radio-group': [ '1.3.8' ],
31 silly audit   '@radix-ui/react-roving-focus': [ '1.1.11' ],
31 silly audit   '@radix-ui/react-scroll-area': [ '1.2.10' ],
31 silly audit   '@radix-ui/react-select': [ '2.2.6' ],
31 silly audit   '@radix-ui/react-separator': [ '1.1.8' ],
31 silly audit   '@radix-ui/react-slider': [ '1.3.6' ],
31 silly audit   '@radix-ui/react-switch': [ '1.2.6' ],
31 silly audit   '@radix-ui/react-tabs': [ '1.1.13' ],
31 silly audit   '@radix-ui/react-toast': [ '1.2.15' ],
31 silly audit   '@radix-ui/react-toggle': [ '1.1.10' ],
31 silly audit   '@radix-ui/react-toggle-group': [ '1.1.11' ],
31 silly audit   '@radix-ui/react-tooltip': [ '1.2.8' ],
31 silly audit   '@radix-ui/react-use-callback-ref': [ '1.1.1' ],
31 silly audit   '@radix-ui/react-use-controllable-state': [ '1.2.2' ],
31 silly audit   '@radix-ui/react-use-effect-event': [ '0.0.2' ],
31 silly audit   '@radix-ui/react-use-escape-keydown': [ '1.1.1' ],
31 silly audit   '@radix-ui/react-use-is-hydrated': [ '0.1.0' ],
31 silly audit   '@radix-ui/react-use-layout-effect': [ '1.1.1' ],
31 silly audit   '@radix-ui/react-use-previous': [ '1.1.1' ],
31 silly audit   '@radix-ui/react-use-rect': [ '1.1.1' ],
31 silly audit   '@radix-ui/react-use-size': [ '1.1.1' ],
31 silly audit   '@radix-ui/react-visually-hidden': [ '1.2.3' ],
31 silly audit   '@radix-ui/rect': [ '1.1.1' ],
31 silly audit   '@remirror/core-constants': [ '3.0.0' ],
31 silly audit   '@standard-schema/utils': [ '0.3.0' ],
31 silly audit   '@swc/counter': [ '0.1.3' ],
31 silly audit   '@swc/helpers': [ '0.5.5' ],
31 silly audit   '@tanstack/query-core': [ '5.90.12' ],
31 silly audit   '@tanstack/query-devtools': [ '5.91.1' ],
31 silly audit   '@tanstack/react-query': [ '5.90.12' ],
31 silly audit   '@tanstack/react-query-devtools': [ '5.91.1' ],
31 silly audit   '@tanstack/react-table': [ '8.21.3' ],
31 silly audit   '@tanstack/table-core': [ '8.21.3' ],
31 silly audit   '@tiptap/core': [ '3.15.3' ],
31 silly audit   '@tiptap/extension-blockquote': [ '3.15.3' ],
31 silly audit   '@tiptap/extension-bold': [ '3.15.3' ],
31 silly audit   '@tiptap/extension-bubble-menu': [ '3.15.3' ],
31 silly audit   '@tiptap/extension-bullet-list': [ '3.15.3' ],
31 silly audit   '@tiptap/extension-code': [ '3.15.3' ],
31 silly audit   '@tiptap/extension-code-block': [ '3.15.3' ],
31 silly audit   '@tiptap/extension-color': [ '3.15.3' ],
31 silly audit   '@tiptap/extension-document': [ '3.15.3' ],
31 silly audit   '@tiptap/extension-dropcursor': [ '3.15.3' ],
31 silly audit   '@tiptap/extension-floating-menu': [ '3.15.3' ],
31 silly audit   '@tiptap/extension-gapcursor': [ '3.15.3' ],
31 silly audit   '@tiptap/extension-hard-break': [ '3.15.3' ],
31 silly audit   '@tiptap/extension-heading': [ '3.15.3' ],
31 silly audit   '@tiptap/extension-highlight': [ '3.15.3' ],
31 silly audit   '@tiptap/extension-horizontal-rule': [ '3.15.3' ],
31 silly audit   '@tiptap/extension-image': [ '3.15.3' ],
31 silly audit   '@tiptap/extension-italic': [ '3.15.3' ],
31 silly audit   '@tiptap/extension-link': [ '3.15.3' ],
31 silly audit   '@tiptap/extension-list': [ '3.15.3' ],
31 silly audit   '@tiptap/extension-list-item': [ '3.15.3' ],
31 silly audit   '@tiptap/extension-list-keymap': [ '3.15.3' ],
31 silly audit   '@tiptap/extension-ordered-list': [ '3.15.3' ],
31 silly audit   '@tiptap/extension-paragraph': [ '3.15.3' ],
31 silly audit   '@tiptap/extension-strike': [ '3.15.3' ],
31 silly audit   '@tiptap/extension-text': [ '3.15.3' ],
31 silly audit   '@tiptap/extension-text-align': [ '3.15.3' ],
31 silly audit   '@tiptap/extension-text-style': [ '3.15.3' ],
31 silly audit   '@tiptap/extension-underline': [ '3.15.3' ],
31 silly audit   '@tiptap/extensions': [ '3.15.3' ],
31 silly audit   '@tiptap/pm': [ '3.15.3' ],
31 silly audit   '@tiptap/react': [ '3.15.3' ],
31 silly audit   '@tiptap/starter-kit': [ '3.15.3' ],
31 silly audit   '@types/d3-array': [ '3.2.2' ],
31 silly audit   '@types/d3-color': [ '3.1.3' ],
31 silly audit   '@types/d3-ease': [ '3.0.2' ],
31 silly audit   '@types/d3-interpolate': [ '3.0.4' ],
31 silly audit   '@types/d3-path': [ '3.1.1' ],
31 silly audit   '@types/d3-scale': [ '4.0.9' ],
31 silly audit   '@types/d3-shape': [ '3.1.7' ],
31 silly audit   '@types/d3-time': [ '3.0.4' ],
31 silly audit   '@types/d3-timer': [ '3.0.2' ],
31 silly audit   '@types/linkify-it': [ '5.0.0' ],
31 silly audit   '@types/markdown-it': [ '14.1.2' ],
31 silly audit   '@types/mdurl': [ '2.0.0' ],
31 silly audit   '@types/pako': [ '2.0.4' ],
31 silly audit   '@types/quill': [ '1.3.10' ],
31 silly audit   '@types/raf': [ '3.4.3' ],
31 silly audit   '@types/trusted-types': [ '2.0.7' ],
31 silly audit   '@types/use-sync-external-store': [ '0.0.6' ],
31 silly audit   '@types/webidl-conversions': [ '7.0.3' ],
31 silly audit   '@types/whatwg-url': [ '11.0.5' ],
31 silly audit   'adler-32': [ '1.3.1' ],
31 silly audit   'ansi-regex': [ '5.0.1' ],
31 silly audit   'ansi-styles': [ '4.3.0' ],
31 silly audit   'any-promise': [ '1.3.0' ],
31 silly audit   anymatch: [ '3.1.3' ],
31 silly audit   arg: [ '5.0.2' ],
31 silly audit   argparse: [ '2.0.1' ],
31 silly audit   'aria-hidden': [ '1.2.6' ],
31 silly audit   asynckit: [ '0.4.0' ],
31 silly audit   autoprefixer: [ '10.4.23' ],
31 silly audit   axios: [ '1.13.2' ],
31 silly audit   'base64-arraybuffer': [ '1.0.2' ],
31 silly audit   'baseline-browser-mapping': [ '2.9.11' ],
31 silly audit   bcryptjs: [ '2.4.3' ],
31 silly audit   'binary-extensions': [ '2.3.0' ],
31 silly audit   boolbase: [ '1.0.0' ],
31 silly audit   braces: [ '3.0.3' ],
31 silly audit   browserslist: [ '4.28.1' ],
31 silly audit   bson: [ '6.10.4' ],
31 silly audit   busboy: [ '1.6.0' ],
31 silly audit   'call-bind': [ '1.0.8' ],
31 silly audit   'call-bind-apply-helpers': [ '1.0.2' ],
31 silly audit   'call-bound': [ '1.0.4' ],
31 silly audit   camelcase: [ '5.3.1' ],
31 silly audit   'camelcase-css': [ '2.0.1' ],
31 silly audit   'caniuse-lite': [ '1.0.30001761' ],
31 silly audit   canvg: [ '3.0.11' ],
31 silly audit   cfb: [ '1.2.2' ],
31 silly audit   chalk: [ '4.1.2' ],
31 silly audit   chokidar: [ '3.6.0' ],
31 silly audit   'class-variance-authority': [ '0.7.1' ],
31 silly audit   'client-only': [ '0.0.1' ],
31 silly audit   cliui: [ '6.0.0' ],
31 silly audit   clone: [ '2.1.2' ],
31 silly audit   clsx: [ '2.1.1' ],
31 silly audit   cmdk: [ '1.1.1' ],
31 silly audit   codepage: [ '1.15.0' ],
31 silly audit   'color-convert': [ '2.0.1' ],
31 silly audit   'color-name': [ '1.1.4' ],
31 silly audit   'combined-stream': [ '1.0.8' ],
31 silly audit   commander: [ '4.1.1' ],
31 silly audit   'core-js': [ '3.47.0' ],
31 silly audit   'crc-32': [ '1.2.2' ],
31 silly audit   crelt: [ '1.0.6' ],
31 silly audit   critters: [ '0.0.23' ],
31 silly audit   'css-line-break': [ '2.1.0' ],
31 silly audit   'css-select': [ '5.2.2' ],
31 silly audit   'css-what': [ '6.2.2' ],
31 silly audit   cssesc: [ '3.0.0' ],
31 silly audit   csstype: [ '3.2.3' ],
31 silly audit   'd3-array': [ '3.2.4' ],
31 silly audit   'd3-color': [ '3.1.0' ],
31 silly audit   'd3-ease': [ '3.0.1' ],
31 silly audit   'd3-format': [ '3.1.0' ],
31 silly audit   'd3-interpolate': [ '3.0.1' ],
31 silly audit   'd3-path': [ '3.1.0' ],
31 silly audit   'd3-scale': [ '4.0.2' ],
31 silly audit   'd3-shape': [ '3.2.0' ],
31 silly audit   'd3-time': [ '3.1.0' ],
31 silly audit   'd3-time-format': [ '4.1.0' ],
31 silly audit   'd3-timer': [ '3.0.1' ],
31 silly audit   'date-fns': [ '4.1.0' ],
31 silly audit   'date-fns-jalali': [ '4.1.0-0' ],
31 silly audit   decamelize: [ '1.2.0' ],
31 silly audit   'decimal.js-light': [ '2.5.1' ],
31 silly audit   'deep-equal': [ '1.1.2' ],
31 silly audit   'define-data-property': [ '1.1.4' ],
31 silly audit   'define-properties': [ '1.2.1' ],
31 silly audit   'delayed-stream': [ '1.0.0' ],
31 silly audit   'detect-libc': [ '2.1.2' ],
31 silly audit   'detect-node-es': [ '1.1.0' ],
31 silly audit   didyoumean: [ '1.2.2' ],
31 silly audit   dijkstrajs: [ '1.0.3' ],
31 silly audit   dlv: [ '1.1.3' ],
31 silly audit   'dom-helpers': [ '5.2.1' ],
31 silly audit   'dom-serializer': [ '2.0.0' ],
31 silly audit   domelementtype: [ '2.3.0' ],
31 silly audit   domhandler: [ '5.0.3' ],
31 silly audit   dompurify: [ '3.3.1' ],
31 silly audit   domutils: [ '3.2.2' ],
31 silly audit   dotenv: [ '17.2.3' ],
31 silly audit   'dunder-proto': [ '1.0.1' ],
31 silly audit   'electron-to-chromium': [ '1.5.267' ],
31 silly audit   'embla-carousel': [ '8.6.0' ],
31 silly audit   'embla-carousel-react': [ '8.6.0' ],
31 silly audit   'embla-carousel-reactive-utils': [ '8.6.0' ],
31 silly audit   'emoji-regex': [ '8.0.0' ],
31 silly audit   entities: [ '4.5.0' ],
31 silly audit   'es-define-property': [ '1.0.1' ],
31 silly audit   'es-errors': [ '1.3.0' ],
31 silly audit   'es-object-atoms': [ '1.1.1' ],
31 silly audit   'es-set-tostringtag': [ '2.1.0' ],
31 silly audit   escalade: [ '3.2.0' ],
31 silly audit   'escape-string-regexp': [ '4.0.0' ],
31 silly audit   eventemitter3: [ '4.0.7', '2.0.3' ],
31 silly audit   extend: [ '3.0.2' ],
31 silly audit   'fast-diff': [ '1.1.2' ],
31 silly audit   'fast-equals': [ '5.4.0' ],
31 silly audit   'fast-glob': [ '3.3.3' ],
31 silly audit   'fast-png': [ '6.4.0' ],
31 silly audit   fastq: [ '1.19.1' ],
31 silly audit   fflate: [ '0.8.2' ],
31 silly audit   'fill-range': [ '7.1.1' ],
31 silly audit   'find-up': [ '4.1.0' ],
31 silly audit   'follow-redirects': [ '1.15.11' ],
31 silly audit   'form-data': [ '4.0.5' ],
31 silly audit   frac: [ '1.1.2' ],
31 silly audit   'fraction.js': [ '5.3.4' ],
31 silly audit   'framer-motion': [ '12.23.26' ],
31 silly audit   fsevents: [ '2.3.3' ],
31 silly audit   'function-bind': [ '1.1.2' ],
31 silly audit   'functions-have-names': [ '1.2.3' ],
31 silly audit   'get-caller-file': [ '2.0.5' ],
31 silly audit   'get-intrinsic': [ '1.3.0' ],
31 silly audit   'get-nonce': [ '1.0.1' ],
31 silly audit   'get-proto': [ '1.0.1' ],
31 silly audit   'glob-parent': [ '5.1.2', '6.0.2' ],
31 silly audit   globals: [ '16.5.0' ],
31 silly audit   gopd: [ '1.2.0' ],
31 silly audit   'graceful-fs': [ '4.2.11' ],
31 silly audit   'has-flag': [ '4.0.0' ],
31 silly audit   'has-property-descriptors': [ '1.0.2' ],
31 silly audit   'has-symbols': [ '1.1.0' ],
31 silly audit   'has-tostringtag': [ '1.0.2' ],
31 silly audit   hasown: [ '2.0.2' ],
31 silly audit   html2canvas: [ '1.4.1' ],
31 silly audit   htmlparser2: [ '8.0.2' ],
31 silly audit   'input-otp': [ '1.4.2' ],
31 silly audit   internmap: [ '2.0.3' ],
31 silly audit   iobuffer: [ '5.4.0' ],
31 silly audit   'is-arguments': [ '1.2.0' ],
31 silly audit   'is-binary-path': [ '2.1.0' ],
31 silly audit   'is-core-module': [ '2.16.1' ],
31 silly audit   'is-date-object': [ '1.1.0' ],
31 silly audit   'is-extglob': [ '2.1.1' ],
31 silly audit   'is-fullwidth-code-point': [ '3.0.0' ],
31 silly audit   'is-glob': [ '4.0.3' ],
31 silly audit   'is-number': [ '7.0.0' ],
31 silly audit   'is-regex': [ '1.2.1' ],
31 silly audit   jiti: [ '1.21.7' ],
31 silly audit   jose: [ '5.10.0' ],
31 silly audit   'js-tokens': [ '4.0.0' ],
31 silly audit   jspdf: [ '3.0.4' ],
31 silly audit   lilconfig: [ '3.1.3' ],
31 silly audit   'lines-and-columns': [ '1.2.4' ],
31 silly audit   'linkify-it': [ '5.0.0' ],
31 silly audit   linkifyjs: [ '4.3.2' ],
31 silly audit   'locate-path': [ '5.0.0' ],
31 silly audit   lodash: [ '4.17.21' ],
31 silly audit   'loose-envify': [ '1.4.0' ],
31 silly audit   'lucide-react': [ '0.516.0' ],
31 silly audit   'markdown-it': [ '14.1.0' ],
31 silly audit   'math-intrinsics': [ '1.1.0' ],
31 silly audit   mdurl: [ '2.0.0' ],
31 silly audit   'memory-pager': [ '1.5.0' ],
31 silly audit   merge2: [ '1.4.1' ],
31 silly audit   micromatch: [ '4.0.8' ],
31 silly audit   'mime-db': [ '1.52.0' ],
31 silly audit   'mime-types': [ '2.1.35' ],
31 silly audit   mongodb: [ '6.21.0' ],
31 silly audit   'mongodb-connection-string-url': [ '3.0.2' ],
31 silly audit   'motion-dom': [ '12.23.23' ],
31 silly audit   'motion-utils': [ '12.23.6' ],
31 silly audit   mz: [ '2.7.0' ],
31 silly audit   nanoid: [ '3.3.11' ],
31 silly audit   next: [ '14.2.3' ],
31 silly audit   'next-themes': [ '0.4.6' ],
31 silly audit   postcss: [ '8.4.31', '8.5.6' ],
31 silly audit   'node-releases': [ '2.0.27' ],
31 silly audit   'normalize-path': [ '3.0.0' ],
31 silly audit   'nth-check': [ '2.1.1' ],
31 silly audit   'object-assign': [ '4.1.1' ],
31 silly audit   'object-hash': [ '3.0.0' ],
31 silly audit   'object-is': [ '1.1.6' ],
31 silly audit   'object-keys': [ '1.1.1' ],
31 silly audit   orderedmap: [ '2.1.1' ],
31 silly audit   otpauth: [ '9.4.1' ],
31 silly audit   'p-limit': [ '2.3.0' ],
31 silly audit   'p-locate': [ '4.1.0' ],
31 silly audit   'p-try': [ '2.2.0' ],
31 silly audit   pako: [ '2.1.0' ],
31 silly audit   parchment: [ '1.1.4' ],
31 silly audit   'path-exists': [ '4.0.0' ],
31 silly audit   'path-parse': [ '1.0.7' ],
31 silly audit   'performance-now': [ '2.1.0' ],
31 silly audit   pg: [ '8.16.3' ],
31 silly audit   'pg-cloudflare': [ '1.2.7' ],
31 silly audit   'pg-connection-string': [ '2.9.1' ],
31 silly audit   'pg-int8': [ '1.0.1' ],
31 silly audit   'pg-pool': [ '3.10.1' ],
31 silly audit   'pg-protocol': [ '1.10.3' ],
31 silly audit   'pg-types': [ '2.2.0' ],
31 silly audit   pgpass: [ '1.0.5' ],
31 silly audit   picocolors: [ '1.1.1' ],
31 silly audit   picomatch: [ '2.3.1', '4.0.3' ],
31 silly audit   pify: [ '2.3.0' ],
31 silly audit   pirates: [ '4.0.7' ],
31 silly audit   pngjs: [ '5.0.0' ],
31 silly audit   'postcss-import': [ '15.1.0' ],
31 silly audit   'postcss-js': [ '4.1.0' ],
31 silly audit   'postcss-load-config': [ '6.0.1' ],
31 silly audit   'postcss-media-query-parser': [ '0.2.3' ],
31 silly audit   'postcss-nested': [ '6.2.0' ],
31 silly audit   'postcss-selector-parser': [ '6.1.2' ],
31 silly audit   'postcss-value-parser': [ '4.2.0' ],
31 silly audit   'postgres-array': [ '2.0.0' ],
31 silly audit   'postgres-bytea': [ '1.0.1' ],
31 silly audit   'postgres-date': [ '1.0.7' ],
31 silly audit   'postgres-interval': [ '1.2.0' ],
31 silly audit   'prop-types': [ '15.8.1' ],
31 silly audit   'react-is': [ '16.13.1', '18.3.1' ],
31 silly audit   'prosemirror-changeset': [ '2.3.1' ],
31 silly audit   'prosemirror-collab': [ '1.3.1' ],
31 silly audit   'prosemirror-commands': [ '1.7.1' ],
31 silly audit   'prosemirror-dropcursor': [ '1.8.2' ],
31 silly audit   'prosemirror-gapcursor': [ '1.4.0' ],
31 silly audit   'prosemirror-history': [ '1.5.0' ],
31 silly audit   'prosemirror-inputrules': [ '1.5.1' ],
31 silly audit   'prosemirror-keymap': [ '1.2.3' ],
31 silly audit   'prosemirror-markdown': [ '1.13.2' ],
31 silly audit   'prosemirror-menu': [ '1.2.5' ],
31 silly audit   'prosemirror-model': [ '1.25.4' ],
31 silly audit   'prosemirror-schema-basic': [ '1.2.4' ],
31 silly audit   'prosemirror-schema-list': [ '1.5.1' ],
31 silly audit   'prosemirror-state': [ '1.4.4' ],
31 silly audit   'prosemirror-tables': [ '1.8.5' ],
31 silly audit   'prosemirror-trailing-node': [ '3.0.0' ],
31 silly audit   'prosemirror-transform': [ '1.10.5' ],
31 silly audit   'prosemirror-view': [ '1.41.5' ],
31 silly audit   'proxy-from-env': [ '1.1.0' ],
31 silly audit   punycode: [ '2.3.1' ],
31 silly audit   'punycode.js': [ '2.3.1' ],
31 silly audit   qrcode: [ '1.5.4' ],
31 silly audit   'queue-microtask': [ '1.2.3' ],
31 silly audit   quill: [ '1.3.7' ],
31 silly audit   'quill-delta': [ '3.6.3' ],
31 silly audit   raf: [ '3.4.1' ],
31 silly audit   react: [ '18.3.1' ],
31 silly audit   'react-day-picker': [ '9.13.0' ],
31 silly audit   'react-dom': [ '18.3.1' ],
31 silly audit   'react-hook-form': [ '7.69.0' ],
31 silly audit   'react-quill': [ '2.0.0' ],
31 silly audit   'react-remove-scroll': [ '2.7.2' ],
31 silly audit   'react-remove-scroll-bar': [ '2.3.8' ],
31 silly audit   'react-resizable-panels': [ '3.0.6' ],
31 silly audit   'react-smooth': [ '4.0.4' ],
31 silly audit   'react-style-singleton': [ '2.2.3' ],
31 silly audit   'react-transition-group': [ '4.4.5' ],
31 silly audit   'read-cache': [ '1.0.0' ],
31 silly audit   readdirp: [ '3.6.0' ],
31 silly audit   recharts: [ '2.15.4' ],
31 silly audit   'recharts-scale': [ '0.4.5' ],
31 silly audit   'regenerator-runtime': [ '0.13.11' ],
31 silly audit   'regexp.prototype.flags': [ '1.5.4' ],
31 silly audit   'require-directory': [ '2.1.1' ],
31 silly audit   'require-main-filename': [ '2.0.0' ],
31 silly audit   resolve: [ '1.22.11' ],
31 silly audit   reusify: [ '1.1.0' ],
31 silly audit   rgbcolor: [ '1.0.1' ],
31 silly audit   'rope-sequence': [ '1.3.4' ],
31 silly audit   'run-parallel': [ '1.2.0' ],
31 silly audit   scheduler: [ '0.23.2' ],
31 silly audit   semver: [ '7.7.3' ],
31 silly audit   'set-blocking': [ '2.0.0' ],
31 silly audit   'set-function-length': [ '1.2.2' ],
31 silly audit   'set-function-name': [ '2.0.2' ],
31 silly audit   sharp: [ '0.34.5' ],
31 silly audit   sonner: [ '2.0.7' ],
31 silly audit   'source-map-js': [ '1.2.1' ],
31 silly audit   'sparse-bitfield': [ '3.0.3' ],
31 silly audit   split2: [ '4.2.0' ],
31 silly audit   ssf: [ '0.11.2' ],
31 silly audit   'stackblur-canvas': [ '2.7.0' ],
31 silly audit   streamsearch: [ '1.1.0' ],
31 silly audit   'string-width': [ '4.2.3' ],
31 silly audit   'strip-ansi': [ '6.0.1' ],
31 silly audit   'styled-jsx': [ '5.1.1' ],
31 silly audit   sucrase: [ '3.35.1' ],
31 silly audit   'supports-color': [ '7.2.0' ],
31 silly audit   'supports-preserve-symlinks-flag': [ '1.0.0' ],
31 silly audit   'svg-pathdata': [ '6.0.3' ],
31 silly audit   'tailwind-merge': [ '3.4.0' ],
31 silly audit   tailwindcss: [ '3.4.19' ],
31 silly audit   'tailwindcss-animate': [ '1.0.7' ],
31 silly audit   'text-segmentation': [ '1.0.3' ],
31 silly audit   thenify: [ '3.3.1' ],
31 silly audit   'thenify-all': [ '1.6.0' ],
31 silly audit   'tiny-invariant': [ '1.3.3' ],
31 silly audit   tinyglobby: [ '0.2.15' ],
31 silly audit   fdir: [ '6.5.0' ],
31 silly audit   'to-regex-range': [ '5.0.1' ],
31 silly audit   tr46: [ '5.1.1' ],
31 silly audit   'ts-interface-checker': [ '0.1.13' ],
31 silly audit   tslib: [ '2.8.1' ],
31 silly audit   'uc.micro': [ '2.1.0' ],
31 silly audit   'update-browserslist-db': [ '1.2.3' ],
31 silly audit   'use-callback-ref': [ '1.3.3' ],
31 silly audit   'use-sidecar': [ '1.1.3' ],
31 silly audit   'use-sync-external-store': [ '1.6.0' ],
31 silly audit   'util-deprecate': [ '1.0.2' ],
31 silly audit   utrie: [ '1.0.2' ],
31 silly audit   uuid: [ '9.0.1' ],
31 silly audit   vaul: [ '1.1.2' ],
31 silly audit   'victory-vendor': [ '36.9.2' ],
31 silly audit   'w3c-keyname': [ '2.2.8' ],
31 silly audit   'webidl-conversions': [ '7.0.0' ],
31 silly audit   'whatwg-url': [ '14.2.0' ],
31 silly audit   'which-module': [ '2.0.1' ],
31 silly audit   wmf: [ '1.0.2' ],
31 silly audit   word: [ '0.3.0' ],
31 silly audit   'wrap-ansi': [ '6.2.0' ],
31 silly audit   xlsx: [ '0.18.5' ],
31 silly audit   xtend: [ '4.0.2' ],
31 silly audit   y18n: [ '4.0.3' ],
31 silly audit   yargs: [ '15.4.1' ],
31 silly audit   'yargs-parser': [ '18.1.3' ],
31 silly audit   zod: [ '3.25.76' ],
31 silly audit   nodemailer: [ '7.0.13' ],
31 silly audit   '@types/react': [ '19.2.10' ],
31 silly audit   '@types/react-dom': [ '19.2.3' ]
31 silly audit }
32 http cache @types/react-dom@https://registry.npmjs.org/@types/react-dom/-/react-dom-19.2.3.tgz 0ms (cache hit)
33 http cache @types/react@https://registry.npmjs.org/@types/react/-/react-19.2.10.tgz 1ms (cache hit)
34 http cache nodemailer@https://registry.npmjs.org/nodemailer/-/nodemailer-7.0.13.tgz 0ms (cache hit)
35 silly tarball no local data for @types/react-dom@https://registry.npmjs.org/@types/react-dom/-/react-dom-19.2.3.tgz. Extracting by manifest.
36 silly tarball no local data for @types/react@https://registry.npmjs.org/@types/react/-/react-19.2.10.tgz. Extracting by manifest.
37 silly tarball no local data for nodemailer@https://registry.npmjs.org/nodemailer/-/nodemailer-7.0.13.tgz. Extracting by manifest.
38 http fetch POST 200 https://registry.npmjs.org/-/npm/v1/security/advisories/bulk 261ms
39 silly audit report {
39 silly audit report   jspdf: [
39 silly audit report     {
39 silly audit report       id: 1112264,
39 silly audit report       url: 'https://github.com/advisories/GHSA-f8cm-6447-x5h2',
39 silly audit report       title: 'jsPDF has Local File Inclusion/Path Traversal vulnerability',
39 silly audit report       severity: 'critical',
39 silly audit report       vulnerable_versions: '<=3.0.4',
39 silly audit report       cwe: [Array],
39 silly audit report       cvss: [Object]
39 silly audit report     }
39 silly audit report   ],
39 silly audit report   lodash: [
39 silly audit report     {
39 silly audit report       id: 1112455,
39 silly audit report       url: 'https://github.com/advisories/GHSA-xxjr-mmjv-4gpg',
39 silly audit report       title: 'Lodash has Prototype Pollution Vulnerability in `_.unset` and `_.omit` functions',
39 silly audit report       severity: 'moderate',
39 silly audit report       vulnerable_versions: '>=4.0.0 <=4.17.22',
39 silly audit report       cwe: [Array],
39 silly audit report       cvss: [Object]
39 silly audit report     }
39 silly audit report   ],
39 silly audit report   next: [
39 silly audit report     {
39 silly audit report       id: 1099638,
39 silly audit report       url: 'https://github.com/advisories/GHSA-gp8f-8m3g-qvj9',
39 silly audit report       title: 'Next.js Cache Poisoning',
39 silly audit report       severity: 'high',
39 silly audit report       vulnerable_versions: '>=14.0.0 <14.2.10',
39 silly audit report       cwe: [Array],
39 silly audit report       cvss: [Object]
39 silly audit report     },
39 silly audit report     {
39 silly audit report       id: 1100421,
39 silly audit report       url: 'https://github.com/advisories/GHSA-g77x-44xx-532m',
39 silly audit report       title: 'Denial of Service condition in Next.js image optimization',
39 silly audit report       severity: 'moderate',
39 silly audit report       vulnerable_versions: '>=10.0.0 <14.2.7',
39 silly audit report       cwe: [Array],
39 silly audit report       cvss: [Object]
39 silly audit report     },
39 silly audit report     {
39 silly audit report       id: 1101438,
39 silly audit report       url: 'https://github.com/advisories/GHSA-7m27-7ghc-44w9',
39 silly audit report       title: 'Next.js Allows a Denial of Service (DoS) with Server Actions',
39 silly audit report       severity: 'moderate',
39 silly audit report       vulnerable_versions: '>=14.0.0 <14.2.21',
39 silly audit report       cwe: [Array],
39 silly audit report       cvss: [Object]
39 silly audit report     },
39 silly audit report     {
39 silly audit report       id: 1105461,
39 silly audit report       url: 'https://github.com/advisories/GHSA-3h52-269p-cp9r',
39 silly audit report       title: 'Information exposure in Next.js dev server due to lack of origin verification',
39 silly audit report       severity: 'low',
39 silly audit report       vulnerable_versions: '>=13.0 <14.2.30',
39 silly audit report       cwe: [Array],
39 silly audit report       cvss: [Object]
39 silly audit report     },
39 silly audit report     {
39 silly audit report       id: 1111391,
39 silly audit report       url: 'https://github.com/advisories/GHSA-mwv6-3258-q52c',
39 silly audit report       title: 'Next Vulnerable to Denial of Service with Server Components',
39 silly audit report       severity: 'high',
39 silly audit report       vulnerable_versions: '>=13.3.0 <14.2.34',
39 silly audit report       cwe: [Array],
39 silly audit report       cvss: [Object]
39 silly audit report     },
39 silly audit report     {
39 silly audit report       id: 1107226,
39 silly audit report       url: 'https://github.com/advisories/GHSA-g5qg-72qw-gw5v',
39 silly audit report       title: 'Next.js Affected by Cache Key Confusion for Image Optimization API Routes',
39 silly audit report       severity: 'moderate',
39 silly audit report       vulnerable_versions: '>=0.9.9 <14.2.31',
39 silly audit report       cwe: [Array],
39 silly audit report       cvss: [Object]
39 silly audit report     },
39 silly audit report     {
39 silly audit report       id: 1107420,
39 silly audit report       url: 'https://github.com/advisories/GHSA-7gfc-8cq8-jh5f',
39 silly audit report       title: 'Next.js authorization bypass vulnerability',
39 silly audit report       severity: 'high',
39 silly audit report       vulnerable_versions: '>=9.5.5 <14.2.15',
39 silly audit report       cwe: [Array],
39 silly audit report       cvss: [Object]
39 silly audit report     },
39 silly audit report     {
39 silly audit report       id: 1107512,
39 silly audit report       url: 'https://github.com/advisories/GHSA-4342-x723-ch2f',
39 silly audit report       title: 'Next.js Improper Middleware Redirect Handling Leads to SSRF',
39 silly audit report       severity: 'moderate',
39 silly audit report       vulnerable_versions: '>=0.9.9 <14.2.32',
39 silly audit report       cwe: [Array],
39 silly audit report       cvss: [Object]
39 silly audit report     },
39 silly audit report     {
39 silly audit report       id: 1107513,
39 silly audit report       url: 'https://github.com/advisories/GHSA-xv57-4mr9-wg8v',
39 silly audit report       title: 'Next.js Content Injection Vulnerability for Image Optimization',
39 silly audit report       severity: 'moderate',
39 silly audit report       vulnerable_versions: '>=0.9.9 <14.2.31',
39 silly audit report       cwe: [Array],
39 silly audit report       cvss: [Object]
39 silly audit report     },
39 silly audit report     {
39 silly audit report       id: 1112182,
39 silly audit report       url: 'https://github.com/advisories/GHSA-5j59-xgg2-r9c4',
39 silly audit report       title: 'Next has a Denial of Service with Server Components - Incomplete Fix Follow-Up',
39 silly audit report       severity: 'high',
39 silly audit report       vulnerable_versions: '>=13.3.1-canary.0 <14.2.35',
39 silly audit report       cwe: [Array],
39 silly audit report       cvss: [Object]
39 silly audit report     },
39 silly audit report     {
39 silly audit report       id: 1108291,
39 silly audit report       url: 'https://github.com/advisories/GHSA-qpjv-v59x-3qc4',
39 silly audit report       title: 'Next.js Race Condition to Cache Poisoning',
39 silly audit report       severity: 'low',
39 silly audit report       vulnerable_versions: '>=0.9.9 <14.2.24',
39 silly audit report       cwe: [Array],
39 silly audit report       cvss: [Object]
39 silly audit report     },
39 silly audit report     {
39 silly audit report       id: 1108953,
39 silly audit report       url: 'https://github.com/advisories/GHSA-f82v-jwr5-mffw',
39 silly audit report       title: 'Authorization Bypass in Next.js Middleware',
39 silly audit report       severity: 'critical',
39 silly audit report       vulnerable_versions: '>=14.0.0 <14.2.25',
39 silly audit report       cwe: [Array],
39 silly audit report       cvss: [Object]
39 silly audit report     },
39 silly audit report     {
39 silly audit report       id: 1112593,
39 silly audit report       url: 'https://github.com/advisories/GHSA-9g9p-9gw9-jx7f',
39 silly audit report       title: 'Next.js self-hosted applications vulnerable to DoS via Image Optimizer remotePatterns configuration',
39 silly audit report       severity: 'moderate',
39 silly audit report       vulnerable_versions: '>=10.0.0 <15.5.10',
39 silly audit report       cwe: [Array],
39 silly audit report       cvss: [Object]
39 silly audit report     },
39 silly audit report     {
39 silly audit report       id: 1112653,
39 silly audit report       url: 'https://github.com/advisories/GHSA-h25m-26qc-wcjf',
39 silly audit report       title: 'Next.js HTTP request deserialization can lead to DoS when using insecure React Server Components',
39 silly audit report       severity: 'high',
39 silly audit report       vulnerable_versions: '>=13.0.0 <15.0.8',
39 silly audit report       cwe: [Array],
39 silly audit report       cvss: [Object]
39 silly audit report     }
39 silly audit report   ],
39 silly audit report   quill: [
39 silly audit report     {
39 silly audit report       id: 1098574,
39 silly audit report       url: 'https://github.com/advisories/GHSA-4943-9vgg-gr5r',
39 silly audit report       title: 'Cross-site Scripting in quill',
39 silly audit report       severity: 'moderate',
39 silly audit report       vulnerable_versions: '<=1.3.7',
39 silly audit report       cwe: [Array],
39 silly audit report       cvss: [Object]
39 silly audit report     }
39 silly audit report   ],
39 silly audit report   xlsx: [
39 silly audit report     {
39 silly audit report       id: 1108110,
39 silly audit report       url: 'https://github.com/advisories/GHSA-4r6h-8v6p-xvw6',
39 silly audit report       title: 'Prototype Pollution in sheetJS',
39 silly audit report       severity: 'high',
39 silly audit report       vulnerable_versions: '<0.19.3',
39 silly audit report       cwe: [Array],
39 silly audit report       cvss: [Object]
39 silly audit report     },
39 silly audit report     {
39 silly audit report       id: 1108111,
39 silly audit report       url: 'https://github.com/advisories/GHSA-5pgg-2g8v-p4x9',
39 silly audit report       title: 'SheetJS Regular Expression Denial of Service (ReDoS)',
39 silly audit report       severity: 'high',
39 silly audit report       vulnerable_versions: '<0.20.2',
39 silly audit report       cwe: [Array],
39 silly audit report       cvss: [Object]
39 silly audit report     }
39 silly audit report   ]
39 silly audit report }
40 silly packumentCache corgi:https://registry.npmjs.org/jspdf cache-miss
41 silly packumentCache corgi:https://registry.npmjs.org/lodash cache-miss
42 silly packumentCache corgi:https://registry.npmjs.org/next cache-miss
43 silly packumentCache corgi:https://registry.npmjs.org/quill cache-miss
44 silly packumentCache corgi:https://registry.npmjs.org/xlsx cache-miss
45 http fetch GET 200 https://registry.npmjs.org/lodash 531ms (cache miss)
46 silly packumentCache corgi:https://registry.npmjs.org/lodash set size:undefined disposed:false
47 http fetch GET 200 https://registry.npmjs.org/quill 576ms (cache revalidated)
48 silly packumentCache corgi:https://registry.npmjs.org/quill set size:153675 disposed:false
49 http fetch GET 200 https://registry.npmjs.org/jspdf 640ms (cache revalidated)
50 silly packumentCache corgi:https://registry.npmjs.org/jspdf set size:62022 disposed:false
51 http fetch GET 200 https://registry.npmjs.org/xlsx 643ms (cache revalidated)
52 silly packumentCache corgi:https://registry.npmjs.org/xlsx set size:134408 disposed:false
53 http fetch GET 200 https://registry.npmjs.org/@types/react-dom/-/react-dom-19.2.3.tgz 986ms (cache miss)
54 http fetch GET 200 https://registry.npmjs.org/@types/react/-/react-19.2.10.tgz 1121ms (cache miss)
55 http fetch GET 200 https://registry.npmjs.org/nodemailer/-/nodemailer-7.0.13.tgz 1812ms (cache miss)
56 http fetch GET 200 https://registry.npmjs.org/next 4093ms (cache miss)
57 silly packumentCache corgi:https://registry.npmjs.org/next set size:undefined disposed:false
58 silly packumentCache corgi:https://registry.npmjs.org/react-quill cache-miss
59 silly packumentCache corgi:https://registry.npmjs.org/recharts cache-miss
60 http fetch GET 200 https://registry.npmjs.org/recharts 95ms (cache miss)
61 silly packumentCache corgi:https://registry.npmjs.org/recharts set size:undefined disposed:false
62 http fetch GET 200 https://registry.npmjs.org/react-quill 365ms (cache revalidated)
63 silly packumentCache corgi:https://registry.npmjs.org/react-quill set size:63338 disposed:false
64 silly ADD node_modules/@types/react-dom
65 silly ADD node_modules/@types/react
66 silly ADD node_modules/nodemailer
67 verbose cwd C:\Users\dfuser\Desktop\pavilion-main
68 verbose os Windows_NT 10.0.26100
69 verbose node v22.13.1
70 verbose npm  v11.8.0
71 verbose exit 0
72 info ok
